<?xml version="1.0" encoding="UTF-8"?>
<!-- Generated by org.testng.reporters.JUnitReportReporter -->
<testsuite skipped="0" hostname="LAPTOP-03UMJAB3" name="MavenRepository.Homepage" tests="1" failures="0" timestamp="05 May 2019 13:24:39 GMT" time="15.521" errors="0">
  <testcase name="homepage" time="15.521" classname="MavenRepository.Homepage"/>
</testsuite> <!-- MavenRepository.Homepage -->
