<?xml version="1.0" encoding="UTF-8"?>
<!-- Generated by org.testng.reporters.JUnitReportReporter -->
<testsuite hostname="LAPTOP-03UMJAB3" name="MavenRepository.AppiumTest" tests="1" failures="0" timestamp="1 May 2019 11:24:02 GMT" time="0.046" errors="0">
  <testcase name="openApp" time="0.046" classname="MavenRepository.AppiumTest"/>
</testsuite>
