<?xml version="1.0" encoding="UTF-8"?>
<!-- Generated by org.testng.reporters.JUnitReportReporter -->
<testsuite hostname="LAPTOP-03UMJAB3" name="MavenRepository.AppiumTest" tests="1" failures="0" timestamp="1 May 2019 12:33:26 GMT" time="0.015" errors="0">
  <testcase name="openApp" time="0.015" classname="MavenRepository.AppiumTest"/>
</testsuite>
