<?xml version="1.0" encoding="UTF-8"?>
<!-- Generated by org.testng.reporters.JUnitReportReporter -->
<testsuite skipped="0" hostname="LAPTOP-03UMJAB3" name="MavenRepository.PageValidation" tests="1" failures="0" timestamp="10 May 2019 18:15:43 GMT" time="0.832" errors="0">
  <testcase name="pagevalidation" time="0.832" classname="MavenRepository.PageValidation"/>
</testsuite> <!-- MavenRepository.PageValidation -->
