<?xml version="1.0" encoding="UTF-8"?>
<!-- Generated by org.testng.reporters.JUnitReportReporter -->
<testsuite skipped="0" hostname="LAPTOP-03UMJAB3" name="MavenRepository.NavigationValidation" tests="1" failures="0" timestamp="10 May 2019 18:15:44 GMT" time="0.087" errors="0">
  <testcase name="navigation" time="0.087" classname="MavenRepository.NavigationValidation"/>
</testsuite> <!-- MavenRepository.NavigationValidation -->
