<?xml version="1.0" encoding="UTF-8"?>
<!-- Generated by org.testng.reporters.JUnitReportReporter -->
<testsuite skipped="0" hostname="LAPTOP-03UMJAB3" name="MavenRepository.DatabaseTesting" tests="1" failures="0" timestamp="11 May 2019 15:08:44 GMT" time="1.321" errors="0">
  <testcase name="databaseconnection" time="1.321" classname="MavenRepository.DatabaseTesting"/>
</testsuite> <!-- MavenRepository.DatabaseTesting -->
