<?xml version="1.0" encoding="UTF-8"?>
<!-- Generated by org.testng.reporters.JUnitReportReporter -->
<testsuite skipped="1" hostname="LAPTOP-03UMJAB3" name="MavenRepository.PageValidation" tests="1" failures="0" timestamp="05 May 2019 11:04:06 GMT" time="0.000" errors="0">
  <testcase name="homepage" time="0.000" classname="MavenRepository.PageValidation">
    <skipped/>
  </testcase> <!-- homepage -->
</testsuite> <!-- MavenRepository.PageValidation -->
