<?xml version="1.0" encoding="UTF-8"?>
<!-- Generated by org.testng.reporters.JUnitReportReporter -->
<testsuite hostname="LAPTOP-03UMJAB3" name="MavenRepository.seleniumTest" tests="1" failures="0" timestamp="1 May 2019 12:33:00 GMT" time="0.000" errors="0">
  <testcase name="URLopen" time="0.000" classname="MavenRepository.seleniumTest"/>
</testsuite>
